<?xml version="1.0" encoding="UTF-8"?>
<testng-results skipped="0" failed="0" total="4" passed="4">
  <reporter-output>
    <line>
      <![CDATA[testing]]>
    </line>
  </reporter-output>
  <suite name="SampleSuite" duration-ms="72412" started-at="2014-08-20T07:16:13Z" finished-at="2014-08-20T07:17:26Z">
    <groups>
    </groups>
    <test name="Login_51" duration-ms="47287" started-at="2014-08-20T07:16:13Z" finished-at="2014-08-20T07:17:01Z">
      <class name="tests.LoginTest51">
        <test-method status="PASS" signature="miq51()[pri:0, instance:tests.LoginTest51@959ece]" name="miq51" is-config="true" duration-ms="22273" started-at="2014-08-20T12:46:13Z" finished-at="2014-08-20T12:46:36Z">
          <reporter-output>
          </reporter-output>
        </test-method> <!-- miq51 -->
        <test-method status="PASS" signature="login51()[pri:0, instance:tests.LoginTest51@959ece]" name="login51" duration-ms="16070" started-at="2014-08-20T12:46:36Z" description="login51--&gt;class--&gt;LoginTest51--&gt;tests" finished-at="2014-08-20T12:46:52Z">
          <reporter-output>
          </reporter-output>
        </test-method> <!-- login51 -->
        <test-method status="PASS" signature="logout51()[pri:0, instance:tests.LoginTest51@959ece]" name="logout51" duration-ms="8708" started-at="2014-08-20T12:46:52Z" depends-on-methods="tests.LoginTest51.login51" finished-at="2014-08-20T12:47:01Z">
          <reporter-output>
          </reporter-output>
        </test-method> <!-- logout51 -->
      </class> <!-- tests.LoginTest51 -->
    </test> <!-- Login_51 -->
    <test name="Login_113" duration-ms="25114" started-at="2014-08-20T07:17:01Z" finished-at="2014-08-20T07:17:26Z">
      <class name="tests.LoginTest113">
        <test-method status="PASS" signature="miq113()[pri:0, instance:tests.LoginTest113@6f16f3]" name="miq113" is-config="true" duration-ms="5831" started-at="2014-08-20T12:47:01Z" finished-at="2014-08-20T12:47:06Z">
          <reporter-output>
          </reporter-output>
        </test-method> <!-- miq113 -->
        <test-method status="PASS" signature="login113()[pri:0, instance:tests.LoginTest113@6f16f3]" name="login113" duration-ms="9093" started-at="2014-08-20T12:47:06Z" finished-at="2014-08-20T12:47:16Z">
          <reporter-output>
            <line>
              <![CDATA[testing]]>
            </line>
          </reporter-output>
        </test-method> <!-- login113 -->
        <test-method status="PASS" signature="logout113()[pri:0, instance:tests.LoginTest113@6f16f3]" name="logout113" duration-ms="9897" started-at="2014-08-20T12:47:16Z" depends-on-methods="tests.LoginTest113.login113" finished-at="2014-08-20T12:47:26Z">
          <reporter-output>
          </reporter-output>
        </test-method> <!-- logout113 -->
      </class> <!-- tests.LoginTest113 -->
    </test> <!-- Login_113 -->
  </suite> <!-- SampleSuite -->
</testng-results>
