<?xml version="1.0" encoding="UTF-8"?>
<testng-results skipped="0" failed="0" total="2" passed="2">
  <reporter-output>
  </reporter-output>
  <suite name="Default suite" duration-ms="54665" started-at="2014-08-11T10:41:41Z" finished-at="2014-08-11T10:42:36Z">
    <groups>
    </groups>
    <test name="Default test" duration-ms="54665" started-at="2014-08-11T10:41:41Z" finished-at="2014-08-11T10:42:36Z">
      <class name="tests.LoginTest51">
        <test-method status="PASS" signature="miq51()[pri:0, instance:tests.LoginTest51@e0696c]" name="miq51" is-config="true" duration-ms="9571" started-at="2014-08-11T16:11:41Z" finished-at="2014-08-11T16:11:51Z">
          <reporter-output>
          </reporter-output>
        </test-method> <!-- miq51 -->
        <test-method status="PASS" signature="login51()[pri:0, instance:tests.LoginTest51@e0696c]" name="login51" duration-ms="34936" started-at="2014-08-11T16:11:51Z" description="login51--&gt;class--&gt;LoginTest51--&gt;tests" finished-at="2014-08-11T16:12:26Z">
          <reporter-output>
          </reporter-output>
        </test-method> <!-- login51 -->
        <test-method status="PASS" signature="logout51()[pri:0, instance:tests.LoginTest51@e0696c]" name="logout51" duration-ms="10145" started-at="2014-08-11T16:12:26Z" depends-on-methods="tests.LoginTest51.login51" finished-at="2014-08-11T16:12:36Z">
          <reporter-output>
          </reporter-output>
        </test-method> <!-- logout51 -->
      </class> <!-- tests.LoginTest51 -->
    </test> <!-- Default test -->
  </suite> <!-- Default suite -->
</testng-results>
